(0000) 3100  0011000100000000 (   9)                 .ORIG x3100
(3100) E00E  1110000000001110 (  10)                 LEA   R0 GREETING
(3101) F022  1111000000100010 (  11)                 TRAP  x22
(3102) F020  1111000000100000 (  13)                 TRAP  x20
(3103) 1620  0001011000100000 (  16)                 ADD   R3 R0 #0
(3104) 16F0  0001011011110000 (  18)                 ADD   R3 R3 #-16
(3105) 16F0  0001011011110000 (  20)                 ADD   R3 R3 #-16
(3106) 16F0  0001011011110000 (  22)                 ADD   R3 R3 #-16
(3107) E01E  1110000000011110 (  25)                 LEA   R0 DAYS
(3108) 16E0  0001011011100000 (  27)                 ADD   R3 R3 #0
(3109) 0403  0000010000000011 (  31) LOOP            BRZ   DISPLAY
(310A) 102A  0001000000101010 (  33)                 ADD   R0 R0 #10
(310B) 16FF  0001011011111111 (  35)                 ADD   R3 R3 #-1
(310C) 0FFC  0000111111111100 (  37)                 BRNZP LOOP
(310D) F022  1111000000100010 (  39) DISPLAY         TRAP  x22
(310E) F025  1111000000100101 (  40)                 TRAP  x25
(310F) 0050  0000000001010000 (  41) GREETING        .FILL x0050
(3110) 004C  0000000001001100 (  41)                 .FILL x004C
(3111) 0045  0000000001000101 (  41)                 .FILL x0045
(3112) 0041  0000000001000001 (  41)                 .FILL x0041
(3113) 0053  0000000001010011 (  41)                 .FILL x0053
(3114) 0045  0000000001000101 (  41)                 .FILL x0045
(3115) 0020  0000000000100000 (  41)                 .FILL x0020
(3116) 0045  0000000001000101 (  41)                 .FILL x0045
(3117) 004E  0000000001001110 (  41)                 .FILL x004E
(3118) 0054  0000000001010100 (  41)                 .FILL x0054
(3119) 0045  0000000001000101 (  41)                 .FILL x0045
(311A) 0052  0000000001010010 (  41)                 .FILL x0052
(311B) 0020  0000000000100000 (  41)                 .FILL x0020
(311C) 0041  0000000001000001 (  41)                 .FILL x0041
(311D) 0020  0000000000100000 (  41)                 .FILL x0020
(311E) 004E  0000000001001110 (  41)                 .FILL x004E
(311F) 0055  0000000001010101 (  41)                 .FILL x0055
(3120) 004D  0000000001001101 (  41)                 .FILL x004D
(3121) 0042  0000000001000010 (  41)                 .FILL x0042
(3122) 0045  0000000001000101 (  41)                 .FILL x0045
(3123) 0052  0000000001010010 (  41)                 .FILL x0052
(3124) 003A  0000000000111010 (  41)                 .FILL x003A
(3125) 0000  0000000000000000 (  41)                 .FILL x0000
(3126) 0053  0000000001010011 (  44) DAYS            .FILL x0053
(3127) 0075  0000000001110101 (  44)                 .FILL x0075
(3128) 006E  0000000001101110 (  44)                 .FILL x006E
(3129) 0064  0000000001100100 (  44)                 .FILL x0064
(312A) 0061  0000000001100001 (  44)                 .FILL x0061
(312B) 0079  0000000001111001 (  44)                 .FILL x0079
(312C) 0020  0000000000100000 (  44)                 .FILL x0020
(312D) 0020  0000000000100000 (  44)                 .FILL x0020
(312E) 0020  0000000000100000 (  44)                 .FILL x0020
(312F) 0000  0000000000000000 (  44)                 .FILL x0000
(3130) 004D  0000000001001101 (  46)                 .FILL x004D
(3131) 006F  0000000001101111 (  46)                 .FILL x006F
(3132) 006E  0000000001101110 (  46)                 .FILL x006E
(3133) 0064  0000000001100100 (  46)                 .FILL x0064
(3134) 0061  0000000001100001 (  46)                 .FILL x0061
(3135) 0079  0000000001111001 (  46)                 .FILL x0079
(3136) 0020  0000000000100000 (  46)                 .FILL x0020
(3137) 0020  0000000000100000 (  46)                 .FILL x0020
(3138) 0020  0000000000100000 (  46)                 .FILL x0020
(3139) 0000  0000000000000000 (  46)                 .FILL x0000
(313A) 0054  0000000001010100 (  48)                 .FILL x0054
(313B) 0075  0000000001110101 (  48)                 .FILL x0075
(313C) 0065  0000000001100101 (  48)                 .FILL x0065
(313D) 0073  0000000001110011 (  48)                 .FILL x0073
(313E) 0064  0000000001100100 (  48)                 .FILL x0064
(313F) 0061  0000000001100001 (  48)                 .FILL x0061
(3140) 0079  0000000001111001 (  48)                 .FILL x0079
(3141) 0020  0000000000100000 (  48)                 .FILL x0020
(3142) 0020  0000000000100000 (  48)                 .FILL x0020
(3143) 0000  0000000000000000 (  48)                 .FILL x0000
(3144) 0057  0000000001010111 (  50)                 .FILL x0057
(3145) 0065  0000000001100101 (  50)                 .FILL x0065
(3146) 0064  0000000001100100 (  50)                 .FILL x0064
(3147) 006E  0000000001101110 (  50)                 .FILL x006E
(3148) 0065  0000000001100101 (  50)                 .FILL x0065
(3149) 0073  0000000001110011 (  50)                 .FILL x0073
(314A) 0064  0000000001100100 (  50)                 .FILL x0064
(314B) 0061  0000000001100001 (  50)                 .FILL x0061
(314C) 0079  0000000001111001 (  50)                 .FILL x0079
(314D) 0000  0000000000000000 (  50)                 .FILL x0000
(314E) 0054  0000000001010100 (  52)                 .FILL x0054
(314F) 0068  0000000001101000 (  52)                 .FILL x0068
(3150) 0075  0000000001110101 (  52)                 .FILL x0075
(3151) 0072  0000000001110010 (  52)                 .FILL x0072
(3152) 0073  0000000001110011 (  52)                 .FILL x0073
(3153) 0064  0000000001100100 (  52)                 .FILL x0064
(3154) 0061  0000000001100001 (  52)                 .FILL x0061
(3155) 0079  0000000001111001 (  52)                 .FILL x0079
(3156) 0020  0000000000100000 (  52)                 .FILL x0020
(3157) 0000  0000000000000000 (  52)                 .FILL x0000
(3158) 0046  0000000001000110 (  54)                 .FILL x0046
(3159) 0072  0000000001110010 (  54)                 .FILL x0072
(315A) 0069  0000000001101001 (  54)                 .FILL x0069
(315B) 0064  0000000001100100 (  54)                 .FILL x0064
(315C) 0061  0000000001100001 (  54)                 .FILL x0061
(315D) 0079  0000000001111001 (  54)                 .FILL x0079
(315E) 0020  0000000000100000 (  54)                 .FILL x0020
(315F) 0020  0000000000100000 (  54)                 .FILL x0020
(3160) 0020  0000000000100000 (  54)                 .FILL x0020
(3161) 0000  0000000000000000 (  54)                 .FILL x0000
(3162) 0053  0000000001010011 (  56)                 .FILL x0053
(3163) 0061  0000000001100001 (  56)                 .FILL x0061
(3164) 0074  0000000001110100 (  56)                 .FILL x0074
(3165) 0075  0000000001110101 (  56)                 .FILL x0075
(3166) 0072  0000000001110010 (  56)                 .FILL x0072
(3167) 0064  0000000001100100 (  56)                 .FILL x0064
(3168) 0061  0000000001100001 (  56)                 .FILL x0061
(3169) 0079  0000000001111001 (  56)                 .FILL x0079
(316A) 0020  0000000000100000 (  56)                 .FILL x0020
(316B) 0000  0000000000000000 (  56)                 .FILL x0000
