(0000) 3000  0011000000000000 (   1)                 .ORIG x3000
(3000) A01F  1010000000011111 (   4)                 LDI   R0 X
(3001) A21F  1010001000011111 (   5)                 LDI   R1 Y
(3002) 947F  1001010001111111 (   8)                 NOT   R2 R1
(3003) 14A1  0001010010100001 (   9)                 ADD   R2 R2 #1
(3004) 1602  0001011000000010 (  10)                 ADD   R3 R0 R2
(3005) B61C  1011011000011100 (  11)                 STI   R3 x_y
(3006) 1820  0001100000100000 (  14)                 ADD   R4 R0 #0
(3007) 0602  0000011000000010 (  15)                 BRZP  zpX
(3008) 993F  1001100100111111 (  16)                 NOT   R4 R4
(3009) 1921  0001100100100001 (  17)                 ADD   R4 R4 #1
(300A) B818  1011100000011000 (  18) zpX             STI   R4 absX
(300B) 1A60  0001101001100000 (  21)                 ADD   R5 R1 #0
(300C) 0602  0000011000000010 (  22)                 BRZP  zpY
(300D) 9B7F  1001101101111111 (  23)                 NOT   R5 R5
(300E) 1B61  0001101101100001 (  24)                 ADD   R5 R5 #1
(300F) BA14  1011101000010100 (  25) zpY             STI   R5 absY
(3010) 9B7F  1001101101111111 (  28)                 NOT   R5 R5
(3011) 1B61  0001101101100001 (  29)                 ADD   R5 R5 #1
(3012) 1D05  0001110100000101 (  30)                 ADD   R6 R4 R5
(3013) 0802  0000100000000010 (  31)                 BRN   yBigger
(3014) 0404  0000010000000100 (  32)                 BRZ   Equal
(3015) 0206  0000001000000110 (  33)                 BRP   xBigger
(3016) 1FE2  0001111111100010 (  35) yBigger         ADD   R7 R7 #2
(3017) BE0D  1011111000001101 (  36)                 STI   R7 biggerResult
(3018) F025  1111000000100101 (  37)                 TRAP  x25
(3019) 1FE0  0001111111100000 (  39) Equal           ADD   R7 R7 #0
(301A) BE0A  1011111000001010 (  40)                 STI   R7 biggerResult
(301B) F025  1111000000100101 (  41)                 TRAP  x25
(301C) 1FE1  0001111111100001 (  43) xBigger         ADD   R7 R7 #1
(301D) BE07  1011111000000111 (  44)                 STI   R7 biggerResult
(301E) F025  1111000000100101 (  45)                 TRAP  x25
(301F) F025  1111000000100101 (  47)                 TRAP  x25
(3020) 3120  0011000100100000 (  48) X               .FILL x3120
(3021) 3121  0011000100100001 (  49) Y               .FILL x3121
(3022) 3122  0011000100100010 (  50) x_y             .FILL x3122
(3023) 3123  0011000100100011 (  51) absX            .FILL x3123
(3024) 3124  0011000100100100 (  52) absY            .FILL x3124
(3025) 3125  0011000100100101 (  53) biggerResult    .FILL x3125
