(0000) 3000  0011000000000000 (  10)                 .ORIG x3000
(3000) A05A  1010000001011010 (  12)                 LDI   R0 M
(3001) 483D  0100100000111101 (  13)                 JSR   CALCM
(3002) A259  1010001001011001 (  15)                 LDI   R1 D
(3003) A459  1010010001011001 (  17)                 LDI   R2 Y
(3004) 4845  0100100001000101 (  18)                 JSR   CALCC
(3005) F025  1111000000100101 (  26)                 TRAP  x25
(3006) 0053  0000000001010011 (  28) DAYS            .FILL x0053
(3007) 0075  0000000001110101 (  28)                 .FILL x0075
(3008) 006E  0000000001101110 (  28)                 .FILL x006E
(3009) 0064  0000000001100100 (  28)                 .FILL x0064
(300A) 0061  0000000001100001 (  28)                 .FILL x0061
(300B) 0079  0000000001111001 (  28)                 .FILL x0079
(300C) 0000  0000000000000000 (  28)                 .FILL x0000
(300D) 004D  0000000001001101 (  29)                 .FILL x004D
(300E) 006F  0000000001101111 (  29)                 .FILL x006F
(300F) 006E  0000000001101110 (  29)                 .FILL x006E
(3010) 0064  0000000001100100 (  29)                 .FILL x0064
(3011) 0061  0000000001100001 (  29)                 .FILL x0061
(3012) 0079  0000000001111001 (  29)                 .FILL x0079
(3013) 0000  0000000000000000 (  29)                 .FILL x0000
(3014) 0054  0000000001010100 (  30)                 .FILL x0054
(3015) 0075  0000000001110101 (  30)                 .FILL x0075
(3016) 0065  0000000001100101 (  30)                 .FILL x0065
(3017) 0073  0000000001110011 (  30)                 .FILL x0073
(3018) 0064  0000000001100100 (  30)                 .FILL x0064
(3019) 0061  0000000001100001 (  30)                 .FILL x0061
(301A) 0079  0000000001111001 (  30)                 .FILL x0079
(301B) 0000  0000000000000000 (  30)                 .FILL x0000
(301C) 0057  0000000001010111 (  31)                 .FILL x0057
(301D) 0065  0000000001100101 (  31)                 .FILL x0065
(301E) 0064  0000000001100100 (  31)                 .FILL x0064
(301F) 006E  0000000001101110 (  31)                 .FILL x006E
(3020) 0065  0000000001100101 (  31)                 .FILL x0065
(3021) 0073  0000000001110011 (  31)                 .FILL x0073
(3022) 0064  0000000001100100 (  31)                 .FILL x0064
(3023) 0061  0000000001100001 (  31)                 .FILL x0061
(3024) 0079  0000000001111001 (  31)                 .FILL x0079
(3025) 0000  0000000000000000 (  31)                 .FILL x0000
(3026) 0054  0000000001010100 (  32)                 .FILL x0054
(3027) 0068  0000000001101000 (  32)                 .FILL x0068
(3028) 0075  0000000001110101 (  32)                 .FILL x0075
(3029) 0072  0000000001110010 (  32)                 .FILL x0072
(302A) 0073  0000000001110011 (  32)                 .FILL x0073
(302B) 0064  0000000001100100 (  32)                 .FILL x0064
(302C) 0061  0000000001100001 (  32)                 .FILL x0061
(302D) 0079  0000000001111001 (  32)                 .FILL x0079
(302E) 0000  0000000000000000 (  32)                 .FILL x0000
(302F) 0046  0000000001000110 (  33)                 .FILL x0046
(3030) 0072  0000000001110010 (  33)                 .FILL x0072
(3031) 0069  0000000001101001 (  33)                 .FILL x0069
(3032) 0064  0000000001100100 (  33)                 .FILL x0064
(3033) 0061  0000000001100001 (  33)                 .FILL x0061
(3034) 0079  0000000001111001 (  33)                 .FILL x0079
(3035) 0000  0000000000000000 (  33)                 .FILL x0000
(3036) 0053  0000000001010011 (  34)                 .FILL x0053
(3037) 0061  0000000001100001 (  34)                 .FILL x0061
(3038) 0074  0000000001110100 (  34)                 .FILL x0074
(3039) 0075  0000000001110101 (  34)                 .FILL x0075
(303A) 0072  0000000001110010 (  34)                 .FILL x0072
(303B) 0064  0000000001100100 (  34)                 .FILL x0064
(303C) 0061  0000000001100001 (  34)                 .FILL x0061
(303D) 0079  0000000001111001 (  34)                 .FILL x0079
(303E) 0000  0000000000000000 (  34)                 .FILL x0000
(303F) 56E0  0101011011100000 (  36) CALCM           AND   R3 R3 #0
(3040) 16C0  0001011011000000 (  37)                 ADD   R3 R3 R0
(3041) 16FE  0001011011111110 (  38)                 ADD   R3 R3 #-2
(3042) 0C02  0000110000000010 (  39)                 BRNZ  JANFEB
(3043) 0204  0000001000000100 (  40)                 BRP   OTHERMONTH
(3044) C1C0  1100000111000000 (  41)                 RET   
(3045) 16E2  0001011011100010 (  43) JANFEB          ADD   R3 R3 #2
(3046) 5020  0101000000100000 (  44)                 AND   R0 R0 #0
(3047) 10EA  0001000011101010 (  45)                 ADD   R0 R3 #10
(3048) 5020  0101000000100000 (  48) OTHERMONTH      AND   R0 R0 #0
(3049) 10C3  0001000011000011 (  49)                 ADD   R0 R3 R3
(304A) 5920  0101100100100000 (  52) CALCC           AND   R4 R4 #0
(304B) 5B60  0101101101100000 (  53)                 AND   R5 R5 #0
(304C) 1902  0001100100000010 (  54)                 ADD   R4 R4 R2
(304D) 1B61  0001101101100001 (  55) LOOP            ADD   R5 R5 #1
(304E) 1931  0001100100110001 (  56)                 ADD   R4 R4 #-15
(304F) 1931  0001100100110001 (  57)                 ADD   R4 R4 #-15
(3050) 1931  0001100100110001 (  58)                 ADD   R4 R4 #-15
(3051) 1931  0001100100110001 (  59)                 ADD   R4 R4 #-15
(3052) 1931  0001100100110001 (  60)                 ADD   R4 R4 #-15
(3053) 1931  0001100100110001 (  61)                 ADD   R4 R4 #-15
(3054) 1936  0001100100110110 (  62)                 ADD   R4 R4 #-10
(3055) 03F7  0000001111110111 (  63)                 BRP   LOOP
(3056) 0802  0000100000000010 (  64)                 BRN   CENTURYDONENEG
(3057) 0402  0000010000000010 (  65)                 BRZ   CENTURYDONEZERO
(3058) C1C0  1100000111000000 (  66)                 RET   
(3059) 1B7F  0001101101111111 (  67) CENTURYDONENEG  ADD   R5 R5 #-1
(305A) 1B7F  0001101101111111 (  68) CENTURYDONEZERO ADD   R5 R5 #-1
(305B) 31F0  0011000111110000 (  70) M               .FILL x31F0
(305C) 31F1  0011000111110001 (  71) D               .FILL x31F1
(305D) 31F2  0011000111110010 (  72) Y               .FILL x31F2
