(0000) 3000  0011000000000000 (   1)                 .ORIG x3000
(3000) A05B  1010000001011011 (   2)                 LDI   R0 M
(3001) A25B  1010001001011011 (   3)                 LDI   R1 K
(3002) A45B  1010010001011011 (   4)                 LDI   R2 CENT
(3003) 305C  0011000001011100 (   5)                 ST    R0 SAVEORIGM
(3004) 325C  0011001001011100 (   6)                 ST    R1 SAVEORIGK
(3005) 345C  0011010001011100 (   7)                 ST    R2 SAVEORIGY
(3006) 480A  0100100000001010 (   9)                 JSR   CALCM
(3007) B654  1011011001010100 (  10)                 STI   R3 M
(3008) 365A  0011011001011010 (  11)                 ST    R3 SAVENEWM
(3009) 4811  0100100000010001 (  15)                 JSR   CALCC
(300A) B853  1011100001010011 (  16)                 STI   R4 CENT
(300B) 3858  0011100001011000 (  17)                 ST    R4 SAVENEWCENT
(300C) 4821  0100100000100001 (  20)                 JSR   CALCY
(300D) B851  1011100001010001 (  21)                 STI   R4 Y
(300E) 3856  0011100001010110 (  22)                 ST    R4 SAVENEWY
(300F) 482D  0100100000101101 (  27)                 JSR   CALCULATE
(3010) F025  1111000000100101 (  29)                 TRAP  x25
(3011) 56E0  0101011011100000 (  31) CALCM           AND   R3 R3 #0
(3012) 16C0  0001011011000000 (  32)                 ADD   R3 R3 R0
(3013) 16FE  0001011011111110 (  33)                 ADD   R3 R3 #-2
(3014) 0C02  0000110000000010 (  34)                 BRNZ  JANFEB
(3015) 0204  0000001000000100 (  35)                 BRP   OTHERMONTH
(3016) C1C0  1100000111000000 (  36)                 RET   
(3017) 16E2  0001011011100010 (  38) JANFEB          ADD   R3 R3 #2
(3018) 16EA  0001011011101010 (  39)                 ADD   R3 R3 #10
(3019) C1C0  1100000111000000 (  40)                 RET   
(301A) C1C0  1100000111000000 (  42) OTHERMONTH      RET   
(301B) 56E0  0101011011100000 (  44) CALCC           AND   R3 R3 #0
(301C) 5920  0101100100100000 (  45)                 AND   R4 R4 #0
(301D) 16C2  0001011011000010 (  46)                 ADD   R3 R3 R2
(301E) 1921  0001100100100001 (  47) LOOP            ADD   R4 R4 #1
(301F) 16F1  0001011011110001 (  48)                 ADD   R3 R3 #-15
(3020) 16F1  0001011011110001 (  49)                 ADD   R3 R3 #-15
(3021) 16F1  0001011011110001 (  50)                 ADD   R3 R3 #-15
(3022) 16F1  0001011011110001 (  51)                 ADD   R3 R3 #-15
(3023) 16F1  0001011011110001 (  52)                 ADD   R3 R3 #-15
(3024) 16F1  0001011011110001 (  53)                 ADD   R3 R3 #-15
(3025) 16F6  0001011011110110 (  54)                 ADD   R3 R3 #-10
(3026) 03F7  0000001111110111 (  55)                 BRP   LOOP
(3027) 0802  0000100000000010 (  56)                 BRN   CENTURYDONENEG
(3028) 0403  0000010000000011 (  57)                 BRZ   CENTURYDONEZERO
(3029) C1C0  1100000111000000 (  58)                 RET   
(302A) 193F  0001100100111111 (  59) CENTURYDONENEG  ADD   R4 R4 #-1
(302B) C1C0  1100000111000000 (  60)                 RET   
(302C) 193F  0001100100111111 (  61) CENTURYDONEZERO ADD   R4 R4 #-1
(302D) C1C0  1100000111000000 (  62)                 RET   
(302E) 16E0  0001011011100000 (  64) CALCY           ADD   R3 R3 #0
(302F) 0402  0000010000000010 (  65)                 BRZ   YISZERO
(3030) 0802  0000100000000010 (  66)                 BRN   YISNEG
(3031) C1C0  1100000111000000 (  67)                 RET   
(3032) C1C0  1100000111000000 (  68) YISZERO         RET   
(3033) 5920  0101100100100000 (  69) YISNEG          AND   R4 R4 #0
(3034) 192F  0001100100101111 (  70)                 ADD   R4 R4 #15
(3035) 192F  0001100100101111 (  71)                 ADD   R4 R4 #15
(3036) 192F  0001100100101111 (  72)                 ADD   R4 R4 #15
(3037) 192F  0001100100101111 (  73)                 ADD   R4 R4 #15
(3038) 192F  0001100100101111 (  74)                 ADD   R4 R4 #15
(3039) 192F  0001100100101111 (  75)                 ADD   R4 R4 #15
(303A) 192A  0001100100101010 (  76)                 ADD   R4 R4 #10
(303B) 1903  0001100100000011 (  77)                 ADD   R4 R4 R3
(303C) C1C0  1100000111000000 (  78)                 RET   
(303D) 2A25  0010101000100101 (  80) CALCULATE       LD    R5 SAVENEWM
(303E) 5DA0  0101110110100000 (  81)                 AND   R6 R6 #0
(303F) 5260  0101001001100000 (  82)                 AND   R1 R1 #0
(3040) 126D  0001001001101101 (  83)                 ADD   R1 R1 #13
(3041) 0E05  0000111000000101 (  84)                 BRNZP MULT
(3042) 1B7F  0001101101111111 (  85)                 ADD   R5 R5 #-1
(3043) 54A0  0101010010100000 (  86)                 AND   R2 R2 #0
(3044) 14BB  0001010010111011 (  87)                 ADD   R2 R2 #-5
(3045) 080A  0000100000001010 (  88)                 BRN   DIV
(3046) C1C0  1100000111000000 (  89)                 RET   
(3047) 54A0  0101010010100000 (  91) MULT            AND   R2 R2 #0
(3048) 1485  0001010010000101 (  92)                 ADD   R2 R2 R5
(3049) 1B42  0001101101000010 (  93) LOOP2           ADD   R5 R5 R2
(304A) 127F  0001001001111111 (  94)                 ADD   R1 R1 #-1
(304B) 03FD  0000001111111101 (  95)                 BRP   LOOP2
(304C) 0400  0000010000000000 (  96)                 BRZ   ISDONE
(304D) 94BF  1001010010111111 (  98) ISDONE          NOT   R2 R2
(304E) 14A1  0001010010100001 (  99)                 ADD   R2 R2 #1
(304F) 1B42  0001101101000010 ( 100)                 ADD   R5 R5 R2
(3050) 56E0  0101011011100000 ( 102) DIV             AND   R3 R3 #0
(3051) 16E1  0001011011100001 ( 103) LOOP3           ADD   R3 R3 #1
(3052) 1B42  0001101101000010 ( 104)                 ADD   R5 R5 R2
(3053) 03FD  0000001111111101 ( 105)                 BRP   LOOP3
(3054) 0801  0000100000000001 ( 106)                 BRN   DIVNEG
(3055) 0403  0000010000000011 ( 107)                 BRZ   DIVZERO
(3056) 16E0  0001011011100000 ( 108) DIVNEG          ADD   R3 R3 #0
(3057) 5B60  0101101101100000 ( 109)                 AND   R5 R5 #0
(3058) 1B43  0001101101000011 ( 110)                 ADD   R5 R5 R3
(3059) 16E0  0001011011100000 ( 111) DIVZERO         ADD   R3 R3 #0
(305A) 5B60  0101101101100000 ( 112)                 AND   R5 R5 #0
(305B) 1B43  0001101101000011 ( 113)                 ADD   R5 R5 R3
(305C) 31F0  0011000111110000 ( 118) M               .FILL x31F0
(305D) 31F1  0011000111110001 ( 119) K               .FILL x31F1
(305E) 31F2  0011000111110010 ( 120) CENT            .FILL x31F2
(305F) 31F3  0011000111110011 ( 121) Y               .FILL x31F3
(3060) 0000  0000000000000000 ( 123) SAVEORIGM       .FILL x0000
(3061) 0000  0000000000000000 ( 124) SAVEORIGK       .FILL x0000
(3062) 0000  0000000000000000 ( 125) SAVEORIGY       .FILL x0000
(3063) 0000  0000000000000000 ( 126) SAVENEWM        .FILL x0000
(3064) 0000  0000000000000000 ( 127) SAVENEWCENT     .FILL x0000
(3065) 0000  0000000000000000 ( 128) SAVENEWY        .FILL x0000
