(0000) 3000  0011000000000000 (   8)                 .ORIG x3000
(3000) A042  1010000001000010 (  10)                 LDI   R0 X
(3001) A242  1010001001000010 (  11)                 LDI   R1 Y
(3002) 4805  0100100000000101 (  13)                 JSR   MULT
(3003) B441  1011010001000001 (  14)                 STI   R2 XY
(3004) 4824  0100100000100100 (  16)                 JSR   DIV
(3005) B640  1011011001000000 (  17)                 STI   R3 QUOT
(3006) B840  1011100001000000 (  18)                 STI   R4 MOD
(3007) F025  1111000000100101 (  20)                 TRAP  x25
(3008) 303F  0011000000111111 (  22) MULT            ST    R0 SaveReg0
(3009) 323F  0011001000111111 (  23)                 ST    R1 SaveReg1
(300A) 54A0  0101010010100000 (  25)                 AND   R2 R2 #0
(300B) 56E0  0101011011100000 (  26)                 AND   R3 R3 #0
(300C) 5920  0101100100100000 (  27)                 AND   R4 R4 #0
(300D) 5B60  0101101101100000 (  28)                 AND   R5 R5 #0
(300E) 16E1  0001011011100001 (  29)                 ADD   R3 R3 #1
(300F) 1921  0001100100100001 (  30)                 ADD   R4 R4 #1
(3010) 1020  0001000000100000 (  32) CheckX          ADD   R0 R0 #0
(3011) 080A  0000100000001010 (  33)                 BRN   Xneg
(3012) 1260  0001001001100000 (  34) CheckY          ADD   R1 R1 #0
(3013) 080D  0000100000001101 (  35)                 BRN   Yneg
(3014) 1480  0001010010000000 (  39) LOOP            ADD   R2 R2 R0
(3015) 127F  0001001001111111 (  40)                 ADD   R1 R1 #-1
(3016) 03FD  0000001111111101 (  41)                 BRP   LOOP
(3017) 1B03  0001101100000011 (  43)                 ADD   R5 R4 R3
(3018) 040D  0000010000001101 (  44)                 BRZ   NegResult
(3019) 202E  0010000000101110 (  46) FinishedAll     LD    R0 SaveReg0
(301A) 222E  0010001000101110 (  47)                 LD    R1 SaveReg1
(301B) C1C0  1100000111000000 (  48)                 RET   
(301C) 903F  1001000000111111 (  50) Xneg            NOT   R0 R0
(301D) 1021  0001000000100001 (  51)                 ADD   R0 R0 #1
(301E) 56E0  0101011011100000 (  52)                 AND   R3 R3 #0
(301F) 16FF  0001011011111111 (  53)                 ADD   R3 R3 #-1
(3020) 0FEF  0000111111101111 (  54)                 BRNZP CheckX
(3021) 927F  1001001001111111 (  56) Yneg            NOT   R1 R1
(3022) 1261  0001001001100001 (  57)                 ADD   R1 R1 #1
(3023) 5920  0101100100100000 (  58)                 AND   R4 R4 #0
(3024) 193F  0001100100111111 (  59)                 ADD   R4 R4 #-1
(3025) 0FEC  0000111111101100 (  60)                 BRNZP CheckY
(3026) 94BF  1001010010111111 (  62) NegResult       NOT   R2 R2
(3027) 14A1  0001010010100001 (  63)                 ADD   R2 R2 #1
(3028) 0FF0  0000111111110000 (  64)                 BRNZP FinishedAll
(3029) 56E0  0101011011100000 (  66) DIV             AND   R3 R3 #0
(302A) 5920  0101100100100000 (  67)                 AND   R4 R4 #0
(302B) 5B60  0101101101100000 (  68)                 AND   R5 R5 #0
(302C) 5DA0  0101110110100000 (  69)                 AND   R6 R6 #0
(302D) 1020  0001000000100000 (  71)                 ADD   R0 R0 #0
(302E) 0813  0000100000010011 (  72)                 BRN   STOP
(302F) 1260  0001001001100000 (  73)                 ADD   R1 R1 #0
(3030) 0C11  0000110000010001 (  74)                 BRNZ  STOP
(3031) 1B61  0001101101100001 (  76)                 ADD   R5 R5 #1
(3032) 1D80  0001110110000000 (  77)                 ADD   R6 R6 R0
(3033) 927F  1001001001111111 (  79)                 NOT   R1 R1
(3034) 1261  0001001001100001 (  80)                 ADD   R1 R1 #1
(3035) 1D81  0001110110000001 (  83) LOOP2           ADD   R6 R6 R1
(3036) 0803  0000100000000011 (  84)                 BRN   FinishDiv
(3037) 0407  0000010000000111 (  85)                 BRZ   FinishedNoRem
(3038) 16E1  0001011011100001 (  86)                 ADD   R3 R3 #1
(3039) 03FB  0000001111111011 (  87)                 BRP   LOOP2
(303A) 927F  1001001001111111 (  89) FinishDiv       NOT   R1 R1
(303B) 1261  0001001001100001 (  90)                 ADD   R1 R1 #1
(303C) 1D81  0001110110000001 (  91)                 ADD   R6 R6 R1
(303D) 1906  0001100100000110 (  92)                 ADD   R4 R4 R6
(303E) C1C0  1100000111000000 (  93)                 RET   
(303F) 5920  0101100100100000 (  95) FinishedNoRem   AND   R4 R4 #0
(3040) 16E1  0001011011100001 (  96)                 ADD   R3 R3 #1
(3041) C1C0  1100000111000000 (  97)                 RET   
(3042) C1C0  1100000111000000 (  99) STOP            RET   
(3043) 3100  0011000100000000 ( 101) X               .FILL x3100
(3044) 3101  0011000100000001 ( 102) Y               .FILL x3101
(3045) 3102  0011000100000010 ( 103) XY              .FILL x3102
(3046) 3103  0011000100000011 ( 104) QUOT            .FILL x3103
(3047) 3104  0011000100000100 ( 105) MOD             .FILL x3104
(3048) 0000  0000000000000000 ( 106) SaveReg0        .FILL x0000
(3049) 0000  0000000000000000 ( 107) SaveReg1        .FILL x0000
